Copyright 1986-2022 Xilinx, Inc. All Rights Reserved. Copyright 2022-2023 Advanced Micro Devices, Inc. All Rights Reserved.
-----------------------------------------------------------------------------------------------------------------------------------------------------------------------------------------------
| Tool Version : Vivado v.2023.1 (win64) Build 3865809 Sun May  7 15:05:29 MDT 2023
| Date         : Fri Dec 29 15:22:27 2023
| Host         : DESKTOP-490OS2L running 64-bit major release  (build 9200)
| Command      : report_methodology -file sintesis_stackTower_methodology_drc_routed.rpt -pb sintesis_stackTower_methodology_drc_routed.pb -rpx sintesis_stackTower_methodology_drc_routed.rpx
| Design       : sintesis_stackTower
| Device       : xc7a35tcpg236-1
| Speed File   : -1
| Design State : Fully Routed
-----------------------------------------------------------------------------------------------------------------------------------------------------------------------------------------------

Report Methodology

Table of Contents
-----------------
1. REPORT SUMMARY
2. REPORT DETAILS

1. REPORT SUMMARY
-----------------
            Netlist: netlist
          Floorplan: design_1
      Design limits: <entire design considered>
             Max violations: <unlimited>
             Violations found: 52
+-----------+------------------+--------------------------------+------------+
| Rule      | Severity         | Description                    | Violations |
+-----------+------------------+--------------------------------+------------+
| TIMING-17 | Critical Warning | Non-clocked sequential cell    | 18         |
| LUTAR-1   | Warning          | LUT drives async reset alert   | 2          |
| TIMING-18 | Warning          | Missing input or output delay  | 10         |
| TIMING-20 | Warning          | Non-clocked latch              | 21         |
| LATCH-1   | Advisory         | Existing latches in the design | 1          |
+-----------+------------------+--------------------------------+------------+

2. REPORT DETAILS
-----------------
TIMING-17#1 Critical Warning
Non-clocked sequential cell  
The clock pin stackTowerInsts_displayce/C_RUTA_DATOS/C_GENERADOR_SECUENCIAS/SEC_JUGANDO/leds_aux_reg[0]/C is not reached by a timing clock
Related violations: <none>

TIMING-17#2 Critical Warning
Non-clocked sequential cell  
The clock pin stackTowerInsts_displayce/C_RUTA_DATOS/C_GENERADOR_SECUENCIAS/SEC_JUGANDO/leds_aux_reg[10]/C is not reached by a timing clock
Related violations: <none>

TIMING-17#3 Critical Warning
Non-clocked sequential cell  
The clock pin stackTowerInsts_displayce/C_RUTA_DATOS/C_GENERADOR_SECUENCIAS/SEC_JUGANDO/leds_aux_reg[11]/C is not reached by a timing clock
Related violations: <none>

TIMING-17#4 Critical Warning
Non-clocked sequential cell  
The clock pin stackTowerInsts_displayce/C_RUTA_DATOS/C_GENERADOR_SECUENCIAS/SEC_JUGANDO/leds_aux_reg[12]/C is not reached by a timing clock
Related violations: <none>

TIMING-17#5 Critical Warning
Non-clocked sequential cell  
The clock pin stackTowerInsts_displayce/C_RUTA_DATOS/C_GENERADOR_SECUENCIAS/SEC_JUGANDO/leds_aux_reg[13]/C is not reached by a timing clock
Related violations: <none>

TIMING-17#6 Critical Warning
Non-clocked sequential cell  
The clock pin stackTowerInsts_displayce/C_RUTA_DATOS/C_GENERADOR_SECUENCIAS/SEC_JUGANDO/leds_aux_reg[14]/C is not reached by a timing clock
Related violations: <none>

TIMING-17#7 Critical Warning
Non-clocked sequential cell  
The clock pin stackTowerInsts_displayce/C_RUTA_DATOS/C_GENERADOR_SECUENCIAS/SEC_JUGANDO/leds_aux_reg[15]/C is not reached by a timing clock
Related violations: <none>

TIMING-17#8 Critical Warning
Non-clocked sequential cell  
The clock pin stackTowerInsts_displayce/C_RUTA_DATOS/C_GENERADOR_SECUENCIAS/SEC_JUGANDO/leds_aux_reg[1]/C is not reached by a timing clock
Related violations: <none>

TIMING-17#9 Critical Warning
Non-clocked sequential cell  
The clock pin stackTowerInsts_displayce/C_RUTA_DATOS/C_GENERADOR_SECUENCIAS/SEC_JUGANDO/leds_aux_reg[2]/C is not reached by a timing clock
Related violations: <none>

TIMING-17#10 Critical Warning
Non-clocked sequential cell  
The clock pin stackTowerInsts_displayce/C_RUTA_DATOS/C_GENERADOR_SECUENCIAS/SEC_JUGANDO/leds_aux_reg[3]/C is not reached by a timing clock
Related violations: <none>

TIMING-17#11 Critical Warning
Non-clocked sequential cell  
The clock pin stackTowerInsts_displayce/C_RUTA_DATOS/C_GENERADOR_SECUENCIAS/SEC_JUGANDO/leds_aux_reg[4]/C is not reached by a timing clock
Related violations: <none>

TIMING-17#12 Critical Warning
Non-clocked sequential cell  
The clock pin stackTowerInsts_displayce/C_RUTA_DATOS/C_GENERADOR_SECUENCIAS/SEC_JUGANDO/leds_aux_reg[5]/C is not reached by a timing clock
Related violations: <none>

TIMING-17#13 Critical Warning
Non-clocked sequential cell  
The clock pin stackTowerInsts_displayce/C_RUTA_DATOS/C_GENERADOR_SECUENCIAS/SEC_JUGANDO/leds_aux_reg[6]/C is not reached by a timing clock
Related violations: <none>

TIMING-17#14 Critical Warning
Non-clocked sequential cell  
The clock pin stackTowerInsts_displayce/C_RUTA_DATOS/C_GENERADOR_SECUENCIAS/SEC_JUGANDO/leds_aux_reg[7]/C is not reached by a timing clock
Related violations: <none>

TIMING-17#15 Critical Warning
Non-clocked sequential cell  
The clock pin stackTowerInsts_displayce/C_RUTA_DATOS/C_GENERADOR_SECUENCIAS/SEC_JUGANDO/leds_aux_reg[8]/C is not reached by a timing clock
Related violations: <none>

TIMING-17#16 Critical Warning
Non-clocked sequential cell  
The clock pin stackTowerInsts_displayce/C_RUTA_DATOS/C_GENERADOR_SECUENCIAS/SEC_JUGANDO/leds_aux_reg[9]/C is not reached by a timing clock
Related violations: <none>

TIMING-17#17 Critical Warning
Non-clocked sequential cell  
The clock pin stackTowerInsts_displayce/C_RUTA_DATOS/C_GENERADOR_SECUENCIAS/SEC_PIERDE_GANA/ledsAux_reg[11]/C is not reached by a timing clock
Related violations: <none>

TIMING-17#18 Critical Warning
Non-clocked sequential cell  
The clock pin stackTowerInsts_displayce/C_RUTA_DATOS/C_GENERADOR_SECUENCIAS/SEC_PIERDE_GANA/ledsAux_reg[15]/C is not reached by a timing clock
Related violations: <none>

LUTAR-1#1 Warning
LUT drives async reset alert  
LUT cell stackTowerInsts_displayce/C_CONTROLLER/salidaAux[3]_i_2, with 2 or more inputs, drives asynchronous preset/clear pin(s) stackTowerInsts_displayce/C_RUTA_DATOS/C_CONT_2HZ/salidaAux_reg[0]/CLR,
stackTowerInsts_displayce/C_RUTA_DATOS/C_CONT_2HZ/salidaAux_reg[1]/CLR,
stackTowerInsts_displayce/C_RUTA_DATOS/C_CONT_2HZ/salidaAux_reg[2]/CLR
stackTowerInsts_displayce/C_RUTA_DATOS/C_CONT_2HZ/salidaAux_reg[3]/CLR. The LUT may glitch and trigger an unexpected reset, even if it is a properly timed path.
Related violations: <none>

LUTAR-1#2 Warning
LUT drives async reset alert  
LUT cell stackTowerInsts_displayce/C_CONTROLLER/salida[3]_i_3, with 2 or more inputs, drives asynchronous preset/clear pin(s) stackTowerInsts_displayce/C_RUTA_DATOS/SUMA_PUNTUACION/salida_reg[0]/CLR,
stackTowerInsts_displayce/C_RUTA_DATOS/SUMA_PUNTUACION/salida_reg[1]/CLR,
stackTowerInsts_displayce/C_RUTA_DATOS/SUMA_PUNTUACION/salida_reg[2]/CLR
stackTowerInsts_displayce/C_RUTA_DATOS/SUMA_PUNTUACION/salida_reg[3]/CLR. The LUT may glitch and trigger an unexpected reset, even if it is a properly timed path.
Related violations: <none>

TIMING-18#1 Warning
Missing input or output delay  
An input delay is missing on boton_inicio relative to the rising and/or falling clock edge(s) of sys_clk_pin.
Related violations: <none>

TIMING-18#2 Warning
Missing input or output delay  
An input delay is missing on boton_jugar relative to the rising and/or falling clock edge(s) of sys_clk_pin.
Related violations: <none>

TIMING-18#3 Warning
Missing input or output delay  
An input delay is missing on rst relative to the rising and/or falling clock edge(s) of sys_clk_pin.
Related violations: <none>

TIMING-18#4 Warning
Missing input or output delay  
An output delay is missing on display[0] relative to the rising and/or falling clock edge(s) of sys_clk_pin.
Related violations: <none>

TIMING-18#5 Warning
Missing input or output delay  
An output delay is missing on display[1] relative to the rising and/or falling clock edge(s) of sys_clk_pin.
Related violations: <none>

TIMING-18#6 Warning
Missing input or output delay  
An output delay is missing on display[2] relative to the rising and/or falling clock edge(s) of sys_clk_pin.
Related violations: <none>

TIMING-18#7 Warning
Missing input or output delay  
An output delay is missing on display[3] relative to the rising and/or falling clock edge(s) of sys_clk_pin.
Related violations: <none>

TIMING-18#8 Warning
Missing input or output delay  
An output delay is missing on display[4] relative to the rising and/or falling clock edge(s) of sys_clk_pin.
Related violations: <none>

TIMING-18#9 Warning
Missing input or output delay  
An output delay is missing on display[5] relative to the rising and/or falling clock edge(s) of sys_clk_pin.
Related violations: <none>

TIMING-18#10 Warning
Missing input or output delay  
An output delay is missing on display[6] relative to the rising and/or falling clock edge(s) of sys_clk_pin.
Related violations: <none>

TIMING-20#1 Warning
Non-clocked latch  
The latch stackTowerInsts_displayce/C_CONTROLLER/enablesAux_reg[1] cannot be properly analyzed as its control pin stackTowerInsts_displayce/C_CONTROLLER/enablesAux_reg[1]/G is not reached by a timing clock
Related violations: <none>

TIMING-20#2 Warning
Non-clocked latch  
The latch stackTowerInsts_displayce/C_CONTROLLER/enablesAux_reg[2] cannot be properly analyzed as its control pin stackTowerInsts_displayce/C_CONTROLLER/enablesAux_reg[2]/G is not reached by a timing clock
Related violations: <none>

TIMING-20#3 Warning
Non-clocked latch  
The latch stackTowerInsts_displayce/C_CONTROLLER/enablesAux_reg[3] cannot be properly analyzed as its control pin stackTowerInsts_displayce/C_CONTROLLER/enablesAux_reg[3]/G is not reached by a timing clock
Related violations: <none>

TIMING-20#4 Warning
Non-clocked latch  
The latch stackTowerInsts_displayce/C_RUTA_DATOS/C_GENERADOR_SECUENCIAS/direccion_reg cannot be properly analyzed as its control pin stackTowerInsts_displayce/C_RUTA_DATOS/C_GENERADOR_SECUENCIAS/direccion_reg/G is not reached by a timing clock
Related violations: <none>

TIMING-20#5 Warning
Non-clocked latch  
The latch stackTowerInsts_displayce/C_RUTA_DATOS/C_GENERADOR_SECUENCIAS/fallo_reg cannot be properly analyzed as its control pin stackTowerInsts_displayce/C_RUTA_DATOS/C_GENERADOR_SECUENCIAS/fallo_reg/G is not reached by a timing clock
Related violations: <none>

TIMING-20#6 Warning
Non-clocked latch  
The latch stackTowerInsts_displayce/C_RUTA_DATOS/C_GENERADOR_SECUENCIAS/leds_pausado_reg[0] cannot be properly analyzed as its control pin stackTowerInsts_displayce/C_RUTA_DATOS/C_GENERADOR_SECUENCIAS/leds_pausado_reg[0]/G is not reached by a timing clock
Related violations: <none>

TIMING-20#7 Warning
Non-clocked latch  
The latch stackTowerInsts_displayce/C_RUTA_DATOS/C_GENERADOR_SECUENCIAS/leds_pausado_reg[10] cannot be properly analyzed as its control pin stackTowerInsts_displayce/C_RUTA_DATOS/C_GENERADOR_SECUENCIAS/leds_pausado_reg[10]/G is not reached by a timing clock
Related violations: <none>

TIMING-20#8 Warning
Non-clocked latch  
The latch stackTowerInsts_displayce/C_RUTA_DATOS/C_GENERADOR_SECUENCIAS/leds_pausado_reg[11] cannot be properly analyzed as its control pin stackTowerInsts_displayce/C_RUTA_DATOS/C_GENERADOR_SECUENCIAS/leds_pausado_reg[11]/G is not reached by a timing clock
Related violations: <none>

TIMING-20#9 Warning
Non-clocked latch  
The latch stackTowerInsts_displayce/C_RUTA_DATOS/C_GENERADOR_SECUENCIAS/leds_pausado_reg[12] cannot be properly analyzed as its control pin stackTowerInsts_displayce/C_RUTA_DATOS/C_GENERADOR_SECUENCIAS/leds_pausado_reg[12]/G is not reached by a timing clock
Related violations: <none>

TIMING-20#10 Warning
Non-clocked latch  
The latch stackTowerInsts_displayce/C_RUTA_DATOS/C_GENERADOR_SECUENCIAS/leds_pausado_reg[13] cannot be properly analyzed as its control pin stackTowerInsts_displayce/C_RUTA_DATOS/C_GENERADOR_SECUENCIAS/leds_pausado_reg[13]/G is not reached by a timing clock
Related violations: <none>

TIMING-20#11 Warning
Non-clocked latch  
The latch stackTowerInsts_displayce/C_RUTA_DATOS/C_GENERADOR_SECUENCIAS/leds_pausado_reg[14] cannot be properly analyzed as its control pin stackTowerInsts_displayce/C_RUTA_DATOS/C_GENERADOR_SECUENCIAS/leds_pausado_reg[14]/G is not reached by a timing clock
Related violations: <none>

TIMING-20#12 Warning
Non-clocked latch  
The latch stackTowerInsts_displayce/C_RUTA_DATOS/C_GENERADOR_SECUENCIAS/leds_pausado_reg[15] cannot be properly analyzed as its control pin stackTowerInsts_displayce/C_RUTA_DATOS/C_GENERADOR_SECUENCIAS/leds_pausado_reg[15]/G is not reached by a timing clock
Related violations: <none>

TIMING-20#13 Warning
Non-clocked latch  
The latch stackTowerInsts_displayce/C_RUTA_DATOS/C_GENERADOR_SECUENCIAS/leds_pausado_reg[1] cannot be properly analyzed as its control pin stackTowerInsts_displayce/C_RUTA_DATOS/C_GENERADOR_SECUENCIAS/leds_pausado_reg[1]/G is not reached by a timing clock
Related violations: <none>

TIMING-20#14 Warning
Non-clocked latch  
The latch stackTowerInsts_displayce/C_RUTA_DATOS/C_GENERADOR_SECUENCIAS/leds_pausado_reg[2] cannot be properly analyzed as its control pin stackTowerInsts_displayce/C_RUTA_DATOS/C_GENERADOR_SECUENCIAS/leds_pausado_reg[2]/G is not reached by a timing clock
Related violations: <none>

TIMING-20#15 Warning
Non-clocked latch  
The latch stackTowerInsts_displayce/C_RUTA_DATOS/C_GENERADOR_SECUENCIAS/leds_pausado_reg[3] cannot be properly analyzed as its control pin stackTowerInsts_displayce/C_RUTA_DATOS/C_GENERADOR_SECUENCIAS/leds_pausado_reg[3]/G is not reached by a timing clock
Related violations: <none>

TIMING-20#16 Warning
Non-clocked latch  
The latch stackTowerInsts_displayce/C_RUTA_DATOS/C_GENERADOR_SECUENCIAS/leds_pausado_reg[4] cannot be properly analyzed as its control pin stackTowerInsts_displayce/C_RUTA_DATOS/C_GENERADOR_SECUENCIAS/leds_pausado_reg[4]/G is not reached by a timing clock
Related violations: <none>

TIMING-20#17 Warning
Non-clocked latch  
The latch stackTowerInsts_displayce/C_RUTA_DATOS/C_GENERADOR_SECUENCIAS/leds_pausado_reg[5] cannot be properly analyzed as its control pin stackTowerInsts_displayce/C_RUTA_DATOS/C_GENERADOR_SECUENCIAS/leds_pausado_reg[5]/G is not reached by a timing clock
Related violations: <none>

TIMING-20#18 Warning
Non-clocked latch  
The latch stackTowerInsts_displayce/C_RUTA_DATOS/C_GENERADOR_SECUENCIAS/leds_pausado_reg[6] cannot be properly analyzed as its control pin stackTowerInsts_displayce/C_RUTA_DATOS/C_GENERADOR_SECUENCIAS/leds_pausado_reg[6]/G is not reached by a timing clock
Related violations: <none>

TIMING-20#19 Warning
Non-clocked latch  
The latch stackTowerInsts_displayce/C_RUTA_DATOS/C_GENERADOR_SECUENCIAS/leds_pausado_reg[7] cannot be properly analyzed as its control pin stackTowerInsts_displayce/C_RUTA_DATOS/C_GENERADOR_SECUENCIAS/leds_pausado_reg[7]/G is not reached by a timing clock
Related violations: <none>

TIMING-20#20 Warning
Non-clocked latch  
The latch stackTowerInsts_displayce/C_RUTA_DATOS/C_GENERADOR_SECUENCIAS/leds_pausado_reg[8] cannot be properly analyzed as its control pin stackTowerInsts_displayce/C_RUTA_DATOS/C_GENERADOR_SECUENCIAS/leds_pausado_reg[8]/G is not reached by a timing clock
Related violations: <none>

TIMING-20#21 Warning
Non-clocked latch  
The latch stackTowerInsts_displayce/C_RUTA_DATOS/C_GENERADOR_SECUENCIAS/leds_pausado_reg[9] cannot be properly analyzed as its control pin stackTowerInsts_displayce/C_RUTA_DATOS/C_GENERADOR_SECUENCIAS/leds_pausado_reg[9]/G is not reached by a timing clock
Related violations: <none>

LATCH-1#1 Advisory
Existing latches in the design  
There are 21 latches found in the design. Inferred latches are often the result of HDL coding mistakes, such as incomplete if or case statements.
Related violations: <none>


